<?xml version="1.0" encoding="UTF-8"?>
<!-- Generated by org.testng.reporters.JUnitReportReporter -->
<testsuite skipped="0" hostname="LP-5CD7490BPC" name="ParallelExecution.MultipleThreadTest" tests="6" failures="0" timestamp="2019-11-29T13:19:14 IST" time="0.058" errors="0">
  <testcase name="testMethod" time="0.021" classname="ParallelExecution.MultipleThreadTest"/>
  <testcase name="testMethod" time="0.000" classname="ParallelExecution.MultipleThreadTest"/>
  <testcase name="testMethod" time="0.021" classname="ParallelExecution.MultipleThreadTest"/>
  <testcase name="testMethod" time="0.004" classname="ParallelExecution.MultipleThreadTest"/>
  <testcase name="testMethod" time="0.005" classname="ParallelExecution.MultipleThreadTest"/>
  <testcase name="testMethod" time="0.007" classname="ParallelExecution.MultipleThreadTest"/>
</testsuite> <!-- ParallelExecution.MultipleThreadTest -->
