<?xml version="1.0" encoding="UTF-8"?>
<!-- Generated by org.testng.reporters.JUnitReportReporter -->
<testsuite skipped="0" hostname="LP-5CD7490BPC" name="TestNGUtils.DataProviderTest" tests="3" failures="0" timestamp="2019-11-27T11:57:43 IST" time="0.018" errors="0">
  <testcase name="dataProviderTest" time="0.008" classname="TestNGUtils.DataProviderTest"/>
  <testcase name="dataProviderTest" time="0.006" classname="TestNGUtils.DataProviderTest"/>
  <testcase name="dataProviderTest" time="0.004" classname="TestNGUtils.DataProviderTest"/>
</testsuite> <!-- TestNGUtils.DataProviderTest -->
