<?xml version="1.0" encoding="UTF-8"?>
<!-- Generated by org.testng.reporters.JUnitReportReporter -->
<testsuite skipped="0" hostname="LP-5CD7490BPC" name="AnnotationTest.DependentTestExamples" tests="4" failures="0" timestamp="2019-11-29T13:41:25 IST" time="0.027" errors="0">
  <testcase name="testOne" time="0.004" classname="AnnotationTest.DependentTestExamples"/>
  <testcase name="testThree" time="0.004" classname="AnnotationTest.DependentTestExamples"/>
  <testcase name="testTwo" time="0.002" classname="AnnotationTest.DependentTestExamples"/>
  <testcase name="testFour" time="0.017" classname="AnnotationTest.DependentTestExamples"/>
</testsuite> <!-- AnnotationTest.DependentTestExamples -->
