<?xml version="1.0" encoding="UTF-8"?>
<!-- Generated by org.testng.reporters.JUnitReportReporter -->
<testsuite skipped="0" hostname="LP-5CD7490BPC" name="DataProviderWithExcel.ExcelRough" tests="1" failures="0" timestamp="2019-12-03T17:19:09 IST" time="0.812" errors="0">
  <testcase name="excelTest" time="0.812" classname="DataProviderWithExcel.ExcelRough"/>
</testsuite> <!-- DataProviderWithExcel.ExcelRough -->
