<?xml version="1.0" encoding="UTF-8"?>
<!-- Generated by org.testng.reporters.JUnitReportReporter -->
<testsuite skipped="0" hostname="LP-5CD7490BPC" name="SeleniumTest.TakeScreenShotOfWebElement" tests="1" failures="0" timestamp="2019-12-06T01:00:24 IST" time="25.437" errors="0">
  <testcase name="getElementScreen" time="25.437" classname="SeleniumTest.TakeScreenShotOfWebElement"/>
</testsuite> <!-- SeleniumTest.TakeScreenShotOfWebElement -->
