<?xml version="1.0" encoding="UTF-8"?>
<!-- Generated by org.testng.reporters.JUnitReportReporter -->
<testsuite skipped="0" hostname="LP-5CD7490BPC" name="AnnotationTest.GroupClassA" tests="4" failures="0" timestamp="2019-11-28T13:12:02 IST" time="0.023" errors="0">
  <testcase name="G1Method3" time="0.002" classname="AnnotationTest.GroupClassA"/>
  <testcase name="G1Method2" time="0.006" classname="AnnotationTest.GroupClassA"/>
  <testcase name="G1Method3" time="0.003" classname="AnnotationTest.GroupClassA"/>
  <testcase name="G1Method1" time="0.012" classname="AnnotationTest.GroupClassA"/>
</testsuite> <!-- AnnotationTest.GroupClassA -->
