<?xml version="1.0" encoding="UTF-8"?>
<!-- Generated by org.testng.reporters.JUnitReportReporter -->
<testsuite skipped="0" hostname="LP-5CD7490BPC" name="SeleniumTest.MouseHowerTest" tests="1" failures="0" timestamp="2019-12-01T21:38:49 IST" time="19.495" errors="0">
  <testcase name="iFrameTest" time="19.495" classname="SeleniumTest.MouseHowerTest"/>
</testsuite> <!-- SeleniumTest.MouseHowerTest -->
