<?xml version="1.0" encoding="UTF-8"?>
<!-- Generated by org.testng.reporters.JUnitReportReporter -->
<testsuite skipped="0" hostname="LP-5CD7490BPC" name="AnnotationTest.Test001" tests="1" failures="0" timestamp="2020-01-20T11:40:45 IST" time="0.016" errors="0">
  <testcase name="testMethod001" time="0.016" classname="AnnotationTest.Test001"/>
</testsuite> <!-- AnnotationTest.Test001 -->
