<?xml version="1.0" encoding="UTF-8"?>
<!-- Generated by org.testng.reporters.JUnitReportReporter -->
<testsuite skipped="0" hostname="LP-5CD7490BPC" name="SeleniumTest.IframeTest" tests="1" failures="0" timestamp="2019-12-01T20:56:57 IST" time="20.271" errors="0">
  <testcase name="iFrameTest" time="20.271" classname="SeleniumTest.IframeTest"/>
</testsuite> <!-- SeleniumTest.IframeTest -->
