<?xml version="1.0" encoding="UTF-8"?>
<!-- Generated by org.testng.reporters.JUnitReportReporter -->
<testsuite skipped="0" hostname="LP-5CD7490BPC" name="GuestWiFiLogin.GuestWiFiLogin" tests="1" failures="0" timestamp="2019-11-26T14:45:33 IST" time="19.750" errors="0">
  <testcase name="login" time="19.750" classname="GuestWiFiLogin.GuestWiFiLogin"/>
</testsuite> <!-- GuestWiFiLogin.GuestWiFiLogin -->
