<?xml version="1.0" encoding="UTF-8"?>
<!-- Generated by org.testng.reporters.JUnitReportReporter -->
<testsuite skipped="0" hostname="LP-5CD7490BPC" name="DataProviderWithExcel.DataProviderClass" tests="13" failures="0" timestamp="2020-01-06T16:33:14 IST" time="0.047" errors="0">
  <testcase name="test001" time="0.004" classname="DataProviderWithExcel.DataProviderClass"/>
  <testcase name="test001" time="0.007" classname="DataProviderWithExcel.DataProviderClass"/>
  <testcase name="test001" time="0.002" classname="DataProviderWithExcel.DataProviderClass"/>
  <testcase name="test001" time="0.003" classname="DataProviderWithExcel.DataProviderClass"/>
  <testcase name="test001" time="0.001" classname="DataProviderWithExcel.DataProviderClass"/>
  <testcase name="test001" time="0.010" classname="DataProviderWithExcel.DataProviderClass"/>
  <testcase name="test001" time="0.001" classname="DataProviderWithExcel.DataProviderClass"/>
  <testcase name="test001" time="0.003" classname="DataProviderWithExcel.DataProviderClass"/>
  <testcase name="test001" time="0.003" classname="DataProviderWithExcel.DataProviderClass"/>
  <testcase name="test001" time="0.006" classname="DataProviderWithExcel.DataProviderClass"/>
  <testcase name="test001" time="0.002" classname="DataProviderWithExcel.DataProviderClass"/>
  <testcase name="test001" time="0.003" classname="DataProviderWithExcel.DataProviderClass"/>
  <testcase name="test001" time="0.002" classname="DataProviderWithExcel.DataProviderClass"/>
</testsuite> <!-- DataProviderWithExcel.DataProviderClass -->
