<?xml version="1.0" encoding="UTF-8"?>
<!-- Generated by org.testng.reporters.JUnitReportReporter -->
<testsuite skipped="0" hostname="LP-5CD7490BPC" name="FileUploadTest" tests="1" failures="0" timestamp="2019-12-09T00:41:42 IST" time="32.347" errors="0">
  <testcase name="newWindowMethodTest" time="32.347" classname="FileUploadTest"/>
</testsuite> <!-- FileUploadTest -->
