<?xml version="1.0" encoding="UTF-8"?>
<!-- Generated by org.testng.reporters.JUnitReportReporter -->
<testsuite skipped="0" hostname="LP-5CD7490BPC" name="AnnotationTest.Test002" tests="1" failures="0" timestamp="2020-01-20T11:40:45 IST" time="0.000" errors="0">
  <testcase name="testMethod002" time="0.000" classname="AnnotationTest.Test002"/>
</testsuite> <!-- AnnotationTest.Test002 -->
