<?xml version="1.0" encoding="UTF-8"?>
<!-- Generated by org.testng.reporters.JUnitReportReporter -->
<testsuite skipped="0" hostname="LP-5CD7490BPC" name="NewFeaturesOfSelenium4.NewWindowMethod" tests="1" failures="0" timestamp="2019-12-06T13:16:40 IST" time="61.985" errors="0">
  <testcase name="newWindowMethodTest" time="61.985" classname="NewFeaturesOfSelenium4.NewWindowMethod"/>
</testsuite> <!-- NewFeaturesOfSelenium4.NewWindowMethod -->
