<?xml version="1.0" encoding="UTF-8"?>
<!-- Generated by org.testng.reporters.JUnitReportReporter -->
<testsuite skipped="6" hostname="LP-5CD7490BPC" name="JavaScriptExecutor.JavaScriptExeExamples" tests="7" failures="0" timestamp="2019-12-30T18:58:13 IST" time="24.872" errors="0">
  <testcase name="scrollDownPageUptoElement" time="24.872" classname="JavaScriptExecutor.JavaScriptExeExamples"/>
  <testcase name="borderAroundElement" classname="JavaScriptExecutor.JavaScriptExeExamples">
    <skipped/>
  </testcase> <!-- borderAroundElement -->
  <testcase name="refreshPage" classname="JavaScriptExecutor.JavaScriptExeExamples">
    <skipped/>
  </testcase> <!-- refreshPage -->
  <testcase name="clickOnElement" classname="JavaScriptExecutor.JavaScriptExeExamples">
    <skipped/>
  </testcase> <!-- clickOnElement -->
  <testcase name="generateAlert" classname="JavaScriptExecutor.JavaScriptExeExamples">
    <skipped/>
  </testcase> <!-- generateAlert -->
  <testcase name="getPageTitle" classname="JavaScriptExecutor.JavaScriptExeExamples">
    <skipped/>
  </testcase> <!-- getPageTitle -->
  <testcase name="scrollDownPage" classname="JavaScriptExecutor.JavaScriptExeExamples">
    <skipped/>
  </testcase> <!-- scrollDownPage -->
</testsuite> <!-- JavaScriptExecutor.JavaScriptExeExamples -->
