<?xml version="1.0" encoding="UTF-8"?>
<!-- Generated by org.testng.reporters.JUnitReportReporter -->
<testsuite skipped="0" hostname="LP-5CD7490BPC" name="ParallelExecution.ParallelMethodsExecution" tests="2" failures="0" timestamp="2019-11-28T21:58:25 IST" time="0.070" errors="0">
  <testcase name="testMethodsTwo" time="0.036" classname="ParallelExecution.ParallelMethodsExecution"/>
  <testcase name="testMethodsOne" time="0.034" classname="ParallelExecution.ParallelMethodsExecution"/>
</testsuite> <!-- ParallelExecution.ParallelMethodsExecution -->
