<?xml version="1.0" encoding="UTF-8"?>
<!-- Generated by org.testng.reporters.JUnitReportReporter -->
<testsuite skipped="0" hostname="LP-5CD7490BPC" name="NewFeaturesOfSelenium4.TakeScreenShotAsMethod" tests="1" failures="0" timestamp="2019-12-06T15:24:06 IST" time="15.888" errors="0">
  <testcase name="newWindowMethodTest" time="15.888" classname="NewFeaturesOfSelenium4.TakeScreenShotAsMethod"/>
</testsuite> <!-- NewFeaturesOfSelenium4.TakeScreenShotAsMethod -->
