<?xml version="1.0" encoding="UTF-8"?>
<!-- Generated by org.testng.reporters.JUnitReportReporter -->
<testsuite skipped="0" hostname="LP-5CD7490BPC" name="DataProviderWithExcel.DataProviderTestUsingHasMap" tests="13" failures="0" timestamp="2020-01-06T16:54:15 IST" time="0.051" errors="0">
  <testcase name="integrationTest" time="0.003" classname="DataProviderWithExcel.DataProviderTestUsingHasMap"/>
  <testcase name="integrationTest" time="0.003" classname="DataProviderWithExcel.DataProviderTestUsingHasMap"/>
  <testcase name="integrationTest" time="0.014" classname="DataProviderWithExcel.DataProviderTestUsingHasMap"/>
  <testcase name="integrationTest" time="0.003" classname="DataProviderWithExcel.DataProviderTestUsingHasMap"/>
  <testcase name="integrationTest" time="0.002" classname="DataProviderWithExcel.DataProviderTestUsingHasMap"/>
  <testcase name="integrationTest" time="0.003" classname="DataProviderWithExcel.DataProviderTestUsingHasMap"/>
  <testcase name="integrationTest" time="0.002" classname="DataProviderWithExcel.DataProviderTestUsingHasMap"/>
  <testcase name="integrationTest" time="0.002" classname="DataProviderWithExcel.DataProviderTestUsingHasMap"/>
  <testcase name="integrationTest" time="0.004" classname="DataProviderWithExcel.DataProviderTestUsingHasMap"/>
  <testcase name="integrationTest" time="0.005" classname="DataProviderWithExcel.DataProviderTestUsingHasMap"/>
  <testcase name="integrationTest" time="0.003" classname="DataProviderWithExcel.DataProviderTestUsingHasMap"/>
  <testcase name="integrationTest" time="0.004" classname="DataProviderWithExcel.DataProviderTestUsingHasMap"/>
  <testcase name="integrationTest" time="0.003" classname="DataProviderWithExcel.DataProviderTestUsingHasMap"/>
</testsuite> <!-- DataProviderWithExcel.DataProviderTestUsingHasMap -->
