<?xml version="1.0" encoding="UTF-8"?>
<!-- Generated by org.testng.reporters.JUnitReportReporter -->
<testsuite skipped="0" hostname="LP-5CD7490BPC" name="SeleniumTest.CriticalXpathTest" tests="1" failures="0" timestamp="2019-12-03T11:24:14 IST" time="37.183" errors="0">
  <testcase name="iFrameTest" time="37.183" classname="SeleniumTest.CriticalXpathTest"/>
</testsuite> <!-- SeleniumTest.CriticalXpathTest -->
