<?xml version="1.0" encoding="UTF-8"?>
<!-- Generated by org.testng.reporters.JUnitReportReporter -->
<testsuite skipped="0" hostname="LP-5CD7490BPC" name="SeleniumTest.Test002" tests="1" failures="0" timestamp="2019-12-02T15:58:15 IST" time="74.802" errors="0">
  <testcase name="iFrameTest" time="74.802" classname="SeleniumTest.Test002"/>
</testsuite> <!-- SeleniumTest.Test002 -->
