<?xml version="1.0" encoding="UTF-8"?>
<!-- Generated by org.testng.reporters.JUnitReportReporter -->
<testsuite skipped="0" hostname="LP-5CD7490BPC" name="DataProviderTest.DataProviderTest" tests="3" failures="0" timestamp="2019-11-28T12:01:36 IST" time="6.069" errors="0">
  <testcase name="dataProviderTest" time="2.022" classname="DataProviderTest.DataProviderTest"/>
  <testcase name="dataProviderTest" time="2.024" classname="DataProviderTest.DataProviderTest"/>
  <testcase name="dataProviderTest" time="2.023" classname="DataProviderTest.DataProviderTest"/>
</testsuite> <!-- DataProviderTest.DataProviderTest -->
