<?xml version="1.0" encoding="UTF-8"?>
<!-- Generated by org.testng.reporters.JUnitReportReporter -->
<testsuite skipped="0" hostname="LP-5CD7490BPC" name="ParallelExecution.TestClassOne" tests="2" failures="0" timestamp="2019-11-28T22:08:55 IST" time="0.009" errors="0">
  <testcase name="testMethodOne" time="0.009" classname="ParallelExecution.TestClassOne"/>
  <testcase name="testMethodTwo" time="0.000" classname="ParallelExecution.TestClassOne"/>
</testsuite> <!-- ParallelExecution.TestClassOne -->
