<?xml version="1.0" encoding="UTF-8"?>
<!-- Generated by org.testng.reporters.JUnitReportReporter -->
<testsuite skipped="0" hostname="LP-5CD7490BPC" name="AnnotationTest.DependentOnGroupTestExamples" tests="3" failures="0" timestamp="2019-11-29T13:48:27 IST" time="0.000" errors="0">
  <testcase name="groupTestThree" time="0.000" classname="AnnotationTest.DependentOnGroupTestExamples"/>
  <testcase name="groupTestOne" time="0.000" classname="AnnotationTest.DependentOnGroupTestExamples"/>
  <testcase name="groupTestTwo" time="0.000" classname="AnnotationTest.DependentOnGroupTestExamples"/>
</testsuite> <!-- AnnotationTest.DependentOnGroupTestExamples -->
