<?xml version="1.0" encoding="UTF-8"?>
<!-- Generated by org.testng.reporters.JUnitReportReporter -->
<testsuite skipped="0" hostname="LP-5CD7490BPC" name="NewFeaturesOfSelenium4.GetElementLocation" tests="1" failures="0" timestamp="2020-01-06T12:01:05 IST" time="20.839" errors="0">
  <testcase name="newWindowMethodTest" time="20.839" classname="NewFeaturesOfSelenium4.GetElementLocation"/>
</testsuite> <!-- NewFeaturesOfSelenium4.GetElementLocation -->
